0 info it worked if it ends with ok
1 verbose cli [ 'C:\\Program Files\\nodejs\\\\node.exe',
1 verbose cli   'C:\\Program Files\\nodejs\\node_modules\\npm\\bin\\npm-cli.js',
1 verbose cli   'install',
1 verbose cli   'express{3.1.x}' ]
2 info using npm@1.3.14
3 info using node@v0.10.22
4 verbose node symlink C:\Program Files\nodejs\\node.exe
5 warn package.json vote-system@0.0.1 No description
6 warn package.json vote-system@0.0.1 No repository field.
7 warn package.json vote-system@0.0.1 No README data
8 warn package.json http@0.0.0 http is also the name of a node core module.
9 warn package.json http@0.0.0 No description
10 warn package.json http@0.0.0 No repository field.
11 verbose readDependencies using package.json deps
12 verbose cache add [ 'express{3.1.x}', null ]
13 verbose cache add name=undefined spec="express{3.1.x}" args=["express{3.1.x}",null]
14 verbose parsed url { protocol: null,
14 verbose parsed url   slashes: null,
14 verbose parsed url   auth: null,
14 verbose parsed url   host: null,
14 verbose parsed url   port: null,
14 verbose parsed url   hostname: null,
14 verbose parsed url   hash: null,
14 verbose parsed url   search: null,
14 verbose parsed url   query: null,
14 verbose parsed url   pathname: 'express{3.1.x}',
14 verbose parsed url   path: 'express{3.1.x}',
14 verbose parsed url   href: 'express{3.1.x}' }
15 silly lockFile 790566f5-express-3-1-x express{3.1.x}
16 verbose lock express{3.1.x} C:\Users\leechwin\AppData\Roaming\npm-cache\790566f5-express-3-1-x.lock
17 silly lockFile 790566f5-express-3-1-x express{3.1.x}
18 silly lockFile 790566f5-express-3-1-x express{3.1.x}
19 verbose addNamed [ 'express{3.1.x}', '' ]
20 verbose addNamed [ null, '*' ]
21 silly lockFile e194b730-express-3-1-x express{3.1.x}@
22 verbose lock express{3.1.x}@ C:\Users\leechwin\AppData\Roaming\npm-cache\e194b730-express-3-1-x.lock
23 silly addNameRange { name: 'express{3.1.x}', range: '*', hasData: false }
24 verbose url raw express{3.1.x}
25 verbose url resolving [ 'https://registry.npmjs.org/', './express%7B3.1.x%7D' ]
26 verbose url resolved https://registry.npmjs.org/express%7B3.1.x%7D
27 info trying registry request attempt 1 at 00:07:12
28 http GET https://registry.npmjs.org/express%7B3.1.x%7D
29 http 404 https://registry.npmjs.org/express%7B3.1.x%7D
30 silly registry.get cb [ 404,
30 silly registry.get   { date: 'Mon, 28 Jul 2014 15:07:03 GMT',
30 silly registry.get     server: 'CouchDB/1.5.0 (Erlang OTP/R16B03)',
30 silly registry.get     'content-type': 'application/json',
30 silly registry.get     'cache-control': 'max-age=0',
30 silly registry.get     'content-length': '52',
30 silly registry.get     'accept-ranges': 'bytes',
30 silly registry.get     via: '1.1 varnish',
30 silly registry.get     age: '0',
30 silly registry.get     'x-served-by': 'cache-ty66-TYO',
30 silly registry.get     'x-cache': 'MISS',
30 silly registry.get     'x-cache-hits': '0',
30 silly registry.get     'x-timer': 'S1406560023.508392,VS0,VE476',
30 silly registry.get     'keep-alive': 'timeout=10, max=50',
30 silly registry.get     connection: 'Keep-Alive' } ]
31 silly lockFile e194b730-express-3-1-x express{3.1.x}@
32 silly lockFile e194b730-express-3-1-x express{3.1.x}@
33 error 404 'express%7B3.1.x%7D' is not in the npm registry.
33 error 404 You should bug the author to publish it
33 error 404
33 error 404 Note that you can also install from a
33 error 404 tarball, folder, or http url, or git url.
34 error System Windows_NT 6.1.7601
35 error command "C:\\Program Files\\nodejs\\\\node.exe" "C:\\Program Files\\nodejs\\node_modules\\npm\\bin\\npm-cli.js" "install" "express{3.1.x}"
36 error cwd C:\leechwin\github\vote
37 error node -v v0.10.22
38 error npm -v 1.3.14
39 error code E404
40 verbose exit [ 1, true ]
